Command line invocation:
    /Applications/Xcode.app/Contents/Developer/usr/bin/xcodebuild -project MLXChatApp/MLXChatApp.xcodeproj -scheme MLXChatApp-iOS -destination "platform=iOS Simulator,name=iPhone 16" build

Resolve Package Graph


Resolved source packages:
  mlx-swift: https://github.com/ml-explore/mlx-swift @ 0.25.5
  swift-collections: https://github.com/apple/swift-collections.git @ 1.2.0
  Jinja: https://github.com/johnmai-dev/Jinja @ 1.1.2
  MLXEngine: /Users/stevenmoon/Documents/GitHub/mlx-engine
  mlx-libraries: https://github.com/ml-explore/mlx-swift-examples @ main (2cceb87)
  Gzip: https://github.com/1024jp/GzipSwift @ 6.0.1
  swift-argument-parser: https://github.com/apple/swift-argument-parser.git @ 1.4.0
  swift-numerics: https://github.com/apple/swift-numerics @ 1.0.3
  swift-transformers: https://github.com/huggingface/swift-transformers @ 0.1.21

ComputePackagePrebuildTargetDependencyGraph

Prepare packages

CreateBuildRequest

SendProjectDescription

CreateBuildOperation

ComputeTargetDependencyGraph
note: Building targets in dependency order
note: Target dependency graph (43 targets)
    Target 'MLXChatApp-iOS' in project 'MLXChatApp'
        ➜ Explicit dependency on target 'MLXEngine' in project 'MLXEngine'
        ➜ Explicit dependency on target 'UIAI' in project 'MLXEngine'
    Target 'UIAI' in project 'MLXEngine'
        ➜ Explicit dependency on target 'UIAI' in project 'MLXEngine'
        ➜ Explicit dependency on target 'MLXEngine' in project 'MLXEngine'
        ➜ Explicit dependency on target 'MLX' in project 'mlx-swift'
        ➜ Explicit dependency on target 'MLXNN' in project 'mlx-swift'
        ➜ Explicit dependency on target 'MLXLLM' in project 'mlx-libraries'
        ➜ Explicit dependency on target 'MLXLMCommon' in project 'mlx-libraries'
        ➜ Explicit dependency on target 'ArgumentParser' in project 'swift-argument-parser'
    Target 'UIAI' in project 'MLXEngine'
        ➜ Explicit dependency on target 'MLXEngine' in project 'MLXEngine'
        ➜ Explicit dependency on target 'MLX' in project 'mlx-swift'
        ➜ Explicit dependency on target 'MLXNN' in project 'mlx-swift'
        ➜ Explicit dependency on target 'MLXLLM' in project 'mlx-libraries'
        ➜ Explicit dependency on target 'MLXLMCommon' in project 'mlx-libraries'
        ➜ Explicit dependency on target 'ArgumentParser' in project 'swift-argument-parser'
    Target 'MLXEngine' in project 'MLXEngine'
        ➜ Explicit dependency on target 'MLXEngine' in project 'MLXEngine'
        ➜ Explicit dependency on target 'MLX' in project 'mlx-swift'
        ➜ Explicit dependency on target 'MLXNN' in project 'mlx-swift'
        ➜ Explicit dependency on target 'MLXLLM' in project 'mlx-libraries'
        ➜ Explicit dependency on target 'MLXLMCommon' in project 'mlx-libraries'
        ➜ Explicit dependency on target 'ArgumentParser' in project 'swift-argument-parser'
    Target 'MLXEngine' in project 'MLXEngine'
        ➜ Explicit dependency on target 'MLX' in project 'mlx-swift'
        ➜ Explicit dependency on target 'MLXNN' in project 'mlx-swift'
        ➜ Explicit dependency on target 'MLXLLM' in project 'mlx-libraries'
        ➜ Explicit dependency on target 'MLXLMCommon' in project 'mlx-libraries'
        ➜ Explicit dependency on target 'ArgumentParser' in project 'swift-argument-parser'
    Target 'ArgumentParser' in project 'swift-argument-parser'
        ➜ Explicit dependency on target 'ArgumentParser' in project 'swift-argument-parser'
        ➜ Explicit dependency on target 'ArgumentParserToolInfo' in project 'swift-argument-parser'
    Target 'ArgumentParser' in project 'swift-argument-parser'
        ➜ Explicit dependency on target 'ArgumentParserToolInfo' in project 'swift-argument-parser'
    Target 'ArgumentParserToolInfo' in project 'swift-argument-parser' (no dependencies)
    Target 'MLXLMCommon' in project 'mlx-libraries'
        ➜ Explicit dependency on target 'MLXLMCommon' in project 'mlx-libraries'
        ➜ Explicit dependency on target 'MLX' in project 'mlx-swift'
        ➜ Explicit dependency on target 'MLXNN' in project 'mlx-swift'
        ➜ Explicit dependency on target 'MLXOptimizers' in project 'mlx-swift'
        ➜ Explicit dependency on target 'MLXRandom' in project 'mlx-swift'
        ➜ Explicit dependency on target 'MLXLinalg' in project 'mlx-swift'
        ➜ Explicit dependency on target 'Transformers' in project 'swift-transformers'
    Target 'MLXLLM' in project 'mlx-libraries'
        ➜ Explicit dependency on target 'MLXLLM' in project 'mlx-libraries'
        ➜ Explicit dependency on target 'MLXLMCommon' in project 'mlx-libraries'
        ➜ Explicit dependency on target 'MLX' in project 'mlx-swift'
        ➜ Explicit dependency on target 'MLXNN' in project 'mlx-swift'
        ➜ Explicit dependency on target 'MLXOptimizers' in project 'mlx-swift'
        ➜ Explicit dependency on target 'MLXRandom' in project 'mlx-swift'
        ➜ Explicit dependency on target 'MLXLinalg' in project 'mlx-swift'
        ➜ Explicit dependency on target 'Transformers' in project 'swift-transformers'
        ➜ Explicit dependency on target 'MLXFast' in project 'mlx-swift'
    Target 'MLXLLM' in project 'mlx-libraries'
        ➜ Explicit dependency on target 'MLXLMCommon' in project 'mlx-libraries'
        ➜ Explicit dependency on target 'MLX' in project 'mlx-swift'
        ➜ Explicit dependency on target 'MLXNN' in project 'mlx-swift'
        ➜ Explicit dependency on target 'MLXOptimizers' in project 'mlx-swift'
        ➜ Explicit dependency on target 'MLXRandom' in project 'mlx-swift'
        ➜ Explicit dependency on target 'MLXLinalg' in project 'mlx-swift'
        ➜ Explicit dependency on target 'Transformers' in project 'swift-transformers'
        ➜ Explicit dependency on target 'MLXFast' in project 'mlx-swift'
    Target 'MLXFast' in project 'mlx-swift'
        ➜ Explicit dependency on target 'MLXFast' in project 'mlx-swift'
        ➜ Explicit dependency on target 'Cmlx' in project 'mlx-swift'
        ➜ Explicit dependency on target 'MLX' in project 'mlx-swift'
        ➜ Explicit dependency on target 'Numerics' in project 'swift-numerics'
    Target 'MLXLMCommon' in project 'mlx-libraries'
        ➜ Explicit dependency on target 'MLX' in project 'mlx-swift'
        ➜ Explicit dependency on target 'MLXNN' in project 'mlx-swift'
        ➜ Explicit dependency on target 'MLXOptimizers' in project 'mlx-swift'
        ➜ Explicit dependency on target 'MLXRandom' in project 'mlx-swift'
        ➜ Explicit dependency on target 'MLXLinalg' in project 'mlx-swift'
        ➜ Explicit dependency on target 'Transformers' in project 'swift-transformers'
    Target 'Transformers' in project 'swift-transformers'
        ➜ Explicit dependency on target 'Tokenizers' in project 'swift-transformers'
        ➜ Explicit dependency on target 'Generation' in project 'swift-transformers'
        ➜ Explicit dependency on target 'Models' in project 'swift-transformers'
        ➜ Explicit dependency on target 'Hub' in project 'swift-transformers'
        ➜ Explicit dependency on target 'TensorUtils' in project 'swift-transformers'
        ➜ Explicit dependency on target 'Jinja' in project 'Jinja'
    Target 'Models' in project 'swift-transformers'
        ➜ Explicit dependency on target 'Hub' in project 'swift-transformers'
        ➜ Explicit dependency on target 'Tokenizers' in project 'swift-transformers'
        ➜ Explicit dependency on target 'TensorUtils' in project 'swift-transformers'
        ➜ Explicit dependency on target 'Generation' in project 'swift-transformers'
        ➜ Explicit dependency on target 'Jinja' in project 'Jinja'
    Target 'Generation' in project 'swift-transformers'
        ➜ Explicit dependency on target 'Hub' in project 'swift-transformers'
        ➜ Explicit dependency on target 'Tokenizers' in project 'swift-transformers'
        ➜ Explicit dependency on target 'TensorUtils' in project 'swift-transformers'
        ➜ Explicit dependency on target 'Jinja' in project 'Jinja'
    Target 'TensorUtils' in project 'swift-transformers' (no dependencies)
    Target 'Tokenizers' in project 'swift-transformers'
        ➜ Explicit dependency on target 'Hub' in project 'swift-transformers'
        ➜ Explicit dependency on target 'Jinja' in project 'Jinja'
    Target 'Jinja' in project 'Jinja'
        ➜ Explicit dependency on target 'Jinja' in project 'Jinja'
        ➜ Explicit dependency on target 'OrderedCollections' in project 'swift-collections'
    Target 'Jinja' in project 'Jinja'
        ➜ Explicit dependency on target 'OrderedCollections' in project 'swift-collections'
    Target 'OrderedCollections' in project 'swift-collections'
        ➜ Explicit dependency on target 'OrderedCollections' in project 'swift-collections'
        ➜ Explicit dependency on target 'InternalCollectionsUtilities' in project 'swift-collections'
    Target 'OrderedCollections' in project 'swift-collections'
        ➜ Explicit dependency on target 'InternalCollectionsUtilities' in project 'swift-collections'
    Target 'InternalCollectionsUtilities' in project 'swift-collections' (no dependencies)
    Target 'Hub' in project 'swift-transformers'
        ➜ Explicit dependency on target 'swift-transformers_Hub' in project 'swift-transformers'
    Target 'swift-transformers_Hub' in project 'swift-transformers' (no dependencies)
    Target 'MLXLinalg' in project 'mlx-swift'
        ➜ Explicit dependency on target 'MLXLinalg' in project 'mlx-swift'
        ➜ Explicit dependency on target 'Cmlx' in project 'mlx-swift'
        ➜ Explicit dependency on target 'MLX' in project 'mlx-swift'
        ➜ Explicit dependency on target 'Numerics' in project 'swift-numerics'
    Target 'MLXLinalg' in project 'mlx-swift'
        ➜ Explicit dependency on target 'Cmlx' in project 'mlx-swift'
        ➜ Explicit dependency on target 'MLX' in project 'mlx-swift'
        ➜ Explicit dependency on target 'Numerics' in project 'swift-numerics'
    Target 'MLXRandom' in project 'mlx-swift'
        ➜ Explicit dependency on target 'MLXRandom' in project 'mlx-swift'
        ➜ Explicit dependency on target 'Cmlx' in project 'mlx-swift'
        ➜ Explicit dependency on target 'MLX' in project 'mlx-swift'
        ➜ Explicit dependency on target 'Numerics' in project 'swift-numerics'
    Target 'MLXOptimizers' in project 'mlx-swift'
        ➜ Explicit dependency on target 'MLXOptimizers' in project 'mlx-swift'
        ➜ Explicit dependency on target 'Cmlx' in project 'mlx-swift'
        ➜ Explicit dependency on target 'MLX' in project 'mlx-swift'
        ➜ Explicit dependency on target 'MLXRandom' in project 'mlx-swift'
        ➜ Explicit dependency on target 'MLXFast' in project 'mlx-swift'
        ➜ Explicit dependency on target 'MLXNN' in project 'mlx-swift'
        ➜ Explicit dependency on target 'Numerics' in project 'swift-numerics'
    Target 'MLXOptimizers' in project 'mlx-swift'
        ➜ Explicit dependency on target 'Cmlx' in project 'mlx-swift'
        ➜ Explicit dependency on target 'MLX' in project 'mlx-swift'
        ➜ Explicit dependency on target 'MLXRandom' in project 'mlx-swift'
        ➜ Explicit dependency on target 'MLXFast' in project 'mlx-swift'
        ➜ Explicit dependency on target 'MLXNN' in project 'mlx-swift'
        ➜ Explicit dependency on target 'Numerics' in project 'swift-numerics'
    Target 'MLXNN' in project 'mlx-swift'
        ➜ Explicit dependency on target 'MLXNN' in project 'mlx-swift'
        ➜ Explicit dependency on target 'Cmlx' in project 'mlx-swift'
        ➜ Explicit dependency on target 'MLX' in project 'mlx-swift'
        ➜ Explicit dependency on target 'MLXRandom' in project 'mlx-swift'
        ➜ Explicit dependency on target 'MLXFast' in project 'mlx-swift'
        ➜ Explicit dependency on target 'Numerics' in project 'swift-numerics'
    Target 'MLXNN' in project 'mlx-swift'
        ➜ Explicit dependency on target 'Cmlx' in project 'mlx-swift'
        ➜ Explicit dependency on target 'MLX' in project 'mlx-swift'
        ➜ Explicit dependency on target 'MLXRandom' in project 'mlx-swift'
        ➜ Explicit dependency on target 'MLXFast' in project 'mlx-swift'
        ➜ Explicit dependency on target 'Numerics' in project 'swift-numerics'
    Target 'MLXFast' in project 'mlx-swift'
        ➜ Explicit dependency on target 'Cmlx' in project 'mlx-swift'
        ➜ Explicit dependency on target 'MLX' in project 'mlx-swift'
        ➜ Explicit dependency on target 'Numerics' in project 'swift-numerics'
    Target 'MLXRandom' in project 'mlx-swift'
        ➜ Explicit dependency on target 'Cmlx' in project 'mlx-swift'
        ➜ Explicit dependency on target 'MLX' in project 'mlx-swift'
        ➜ Explicit dependency on target 'Numerics' in project 'swift-numerics'
    Target 'MLX' in project 'mlx-swift'
        ➜ Explicit dependency on target 'MLX' in project 'mlx-swift'
        ➜ Explicit dependency on target 'Cmlx' in project 'mlx-swift'
        ➜ Explicit dependency on target 'Numerics' in project 'swift-numerics'
    Target 'MLX' in project 'mlx-swift'
        ➜ Explicit dependency on target 'Cmlx' in project 'mlx-swift'
        ➜ Explicit dependency on target 'Numerics' in project 'swift-numerics'
    Target 'Numerics' in project 'swift-numerics'
        ➜ Explicit dependency on target 'Numerics' in project 'swift-numerics'
        ➜ Explicit dependency on target '_NumericsShims' in project 'swift-numerics'
        ➜ Explicit dependency on target 'RealModule' in project 'swift-numerics'
        ➜ Explicit dependency on target 'ComplexModule' in project 'swift-numerics'
    Target 'Numerics' in project 'swift-numerics'
        ➜ Explicit dependency on target '_NumericsShims' in project 'swift-numerics'
        ➜ Explicit dependency on target 'RealModule' in project 'swift-numerics'
        ➜ Explicit dependency on target 'ComplexModule' in project 'swift-numerics'
    Target 'ComplexModule' in project 'swift-numerics'
        ➜ Explicit dependency on target '_NumericsShims' in project 'swift-numerics'
        ➜ Explicit dependency on target 'RealModule' in project 'swift-numerics'
    Target 'RealModule' in project 'swift-numerics'
        ➜ Explicit dependency on target '_NumericsShims' in project 'swift-numerics'
    Target '_NumericsShims' in project 'swift-numerics' (no dependencies)
    Target 'Cmlx' in project 'mlx-swift'
        ➜ Explicit dependency on target 'mlx-swift_Cmlx' in project 'mlx-swift'
    Target 'mlx-swift_Cmlx' in project 'mlx-swift' (no dependencies)

GatherProvisioningInputs

CreateBuildDescription

ClangStatCache /Applications/Xcode.app/Contents/Developer/Toolchains/XcodeDefault.xctoolchain/usr/bin/clang-stat-cache /Applications/Xcode.app/Contents/Developer/Platforms/iPhoneSimulator.platform/Developer/SDKs/iPhoneSimulator18.5.sdk /Users/stevenmoon/Library/Developer/Xcode/DerivedData/SDKStatCaches.noindex/iphonesimulator18.5-22F76-d5fc8ad4295d2ef488fb7d0f804ce0c4.sdkstatcache
    cd /Users/stevenmoon/Documents/GitHub/mlx-engine/MLXChatApp/MLXChatApp.xcodeproj
    /Applications/Xcode.app/Contents/Developer/Toolchains/XcodeDefault.xctoolchain/usr/bin/clang-stat-cache /Applications/Xcode.app/Contents/Developer/Platforms/iPhoneSimulator.platform/Developer/SDKs/iPhoneSimulator18.5.sdk -o /Users/stevenmoon/Library/Developer/Xcode/DerivedData/SDKStatCaches.noindex/iphonesimulator18.5-22F76-d5fc8ad4295d2ef488fb7d0f804ce0c4.sdkstatcache

SwiftDriver MLXChatApp-iOS normal arm64 com.apple.xcode.tools.swift.compiler (in target 'MLXChatApp-iOS' from project 'MLXChatApp')
    cd /Users/stevenmoon/Documents/GitHub/mlx-engine/MLXChatApp
    builtin-SwiftDriver -- /Applications/Xcode.app/Contents/Developer/Toolchains/XcodeDefault.xctoolchain/usr/bin/swiftc -module-name MLXChatApp_iOS -Onone -enforce-exclusivity\=checked @/Users/stevenmoon/Library/Developer/Xcode/DerivedData/MLXChatApp-amxiosaiwumsafctdanitznbjfty/Build/Intermediates.noindex/MLXChatApp.build/Debug-iphonesimulator/MLXChatApp-iOS.build/Objects-normal/arm64/MLXChatApp-iOS.SwiftFileList -DDEBUG -enable-bare-slash-regex -enable-experimental-feature DebugDescriptionMacro -sdk /Applications/Xcode.app/Contents/Developer/Platforms/iPhoneSimulator.platform/Developer/SDKs/iPhoneSimulator18.5.sdk -target arm64-apple-ios17.0-simulator -g -module-cache-path /Users/stevenmoon/Library/Developer/Xcode/DerivedData/ModuleCache.noindex -Xfrontend -serialize-debugging-options -enable-testing -index-store-path /Users/stevenmoon/Library/Developer/Xcode/DerivedData/MLXChatApp-amxiosaiwumsafctdanitznbjfty/Index.noindex/DataStore -swift-version 5 -I /Users/stevenmoon/Library/Developer/Xcode/DerivedData/MLXChatApp-amxiosaiwumsafctdanitznbjfty/Build/Products/Debug-iphonesimulator -F /Users/stevenmoon/Library/Developer/Xcode/DerivedData/MLXChatApp-amxiosaiwumsafctdanitznbjfty/Build/Products/Debug-iphonesimulator/PackageFrameworks -F /Users/stevenmoon/Library/Developer/Xcode/DerivedData/MLXChatApp-amxiosaiwumsafctdanitznbjfty/Build/Products/Debug-iphonesimulator/PackageFrameworks -F /Users/stevenmoon/Library/Developer/Xcode/DerivedData/MLXChatApp-amxiosaiwumsafctdanitznbjfty/Build/Products/Debug-iphonesimulator/PackageFrameworks -F /Users/stevenmoon/Library/Developer/Xcode/DerivedData/MLXChatApp-amxiosaiwumsafctdanitznbjfty/Build/Products/Debug-iphonesimulator/PackageFrameworks -F /Users/stevenmoon/Library/Developer/Xcode/DerivedData/MLXChatApp-amxiosaiwumsafctdanitznbjfty/Build/Products/Debug-iphonesimulator/PackageFrameworks -F /Users/stevenmoon/Library/Developer/Xcode/DerivedData/MLXChatApp-amxiosaiwumsafctdanitznbjfty/Build/Products/Debug-iphonesimulator/PackageFrameworks -F /Users/stevenmoon/Library/Developer/Xcode/DerivedData/MLXChatApp-amxiosaiwumsafctdanitznbjfty/Build/Products/Debug-iphonesimulator/PackageFrameworks -F /Users/stevenmoon/Library/Developer/Xcode/DerivedData/MLXChatApp-amxiosaiwumsafctdanitznbjfty/Build/Products/Debug-iphonesimulator/PackageFrameworks -F /Users/stevenmoon/Library/Developer/Xcode/DerivedData/MLXChatApp-amxiosaiwumsafctdanitznbjfty/Build/Products/Debug-iphonesimulator/PackageFrameworks -F /Users/stevenmoon/Library/Developer/Xcode/DerivedData/MLXChatApp-amxiosaiwumsafctdanitznbjfty/Build/Products/Debug-iphonesimulator/PackageFrameworks -F /Users/stevenmoon/Library/Developer/Xcode/DerivedData/MLXChatApp-amxiosaiwumsafctdanitznbjfty/Build/Products/Debug-iphonesimulator/PackageFrameworks -F /Users/stevenmoon/Library/Developer/Xcode/DerivedData/MLXChatApp-amxiosaiwumsafctdanitznbjfty/Build/Products/Debug-iphonesimulator/PackageFrameworks -F /Users/stevenmoon/Library/Developer/Xcode/DerivedData/MLXChatApp-amxiosaiwumsafctdanitznbjfty/Build/Products/Debug-iphonesimulator/PackageFrameworks -F /Users/stevenmoon/Library/Developer/Xcode/DerivedData/MLXChatApp-amxiosaiwumsafctdanitznbjfty/Build/Products/Debug-iphonesimulator/PackageFrameworks -F /Users/stevenmoon/Library/Developer/Xcode/DerivedData/MLXChatApp-amxiosaiwumsafctdanitznbjfty/Build/Products/Debug-iphonesimulator/PackageFrameworks -F /Users/stevenmoon/Library/Developer/Xcode/DerivedData/MLXChatApp-amxiosaiwumsafctdanitznbjfty/Build/Products/Debug-iphonesimulator/PackageFrameworks -F /Users/stevenmoon/Library/Developer/Xcode/DerivedData/MLXChatApp-amxiosaiwumsafctdanitznbjfty/Build/Products/Debug-iphonesimulator/PackageFrameworks -F /Users/stevenmoon/Library/Developer/Xcode/DerivedData/MLXChatApp-amxiosaiwumsafctdanitznbjfty/Build/Products/Debug-iphonesimulator/PackageFrameworks -F /Users/stevenmoon/Library/Developer/Xcode/DerivedData/MLXChatApp-amxiosaiwumsafctdanitznbjfty/Build/Products/Debug-iphonesimulator/PackageFrameworks -F /Users/stevenmoon/Library/Developer/Xcode/DerivedData/MLXChatApp-amxiosaiwumsafctdanitznbjfty/Build/Products/Debug-iphonesimulator/PackageFrameworks -F /Users/stevenmoon/Library/Developer/Xcode/DerivedData/MLXChatApp-amxiosaiwumsafctdanitznbjfty/Build/Products/Debug-iphonesimulator/PackageFrameworks -F /Users/stevenmoon/Library/Developer/Xcode/DerivedData/MLXChatApp-amxiosaiwumsafctdanitznbjfty/Build/Products/Debug-iphonesimulator/PackageFrameworks -F /Users/stevenmoon/Library/Developer/Xcode/DerivedData/MLXChatApp-amxiosaiwumsafctdanitznbjfty/Build/Products/Debug-iphonesimulator/PackageFrameworks -F /Users/stevenmoon/Library/Developer/Xcode/DerivedData/MLXChatApp-amxiosaiwumsafctdanitznbjfty/Build/Products/Debug-iphonesimulator/PackageFrameworks -F /Users/stevenmoon/Library/Developer/Xcode/DerivedData/MLXChatApp-amxiosaiwumsafctdanitznbjfty/Build/Products/Debug-iphonesimulator/PackageFrameworks -F /Users/stevenmoon/Library/Developer/Xcode/DerivedData/MLXChatApp-amxiosaiwumsafctdanitznbjfty/Build/Products/Debug-iphonesimulator -c -j12 -enable-batch-mode -incremental -Xcc -ivfsstatcache -Xcc /Users/stevenmoon/Library/Developer/Xcode/DerivedData/SDKStatCaches.noindex/iphonesimulator18.5-22F76-d5fc8ad4295d2ef488fb7d0f804ce0c4.sdkstatcache -output-file-map /Users/stevenmoon/Library/Developer/Xcode/DerivedData/MLXChatApp-amxiosaiwumsafctdanitznbjfty/Build/Intermediates.noindex/MLXChatApp.build/Debug-iphonesimulator/MLXChatApp-iOS.build/Objects-normal/arm64/MLXChatApp-iOS-OutputFileMap.json -use-frontend-parseable-output -save-temps -no-color-diagnostics -serialize-diagnostics -emit-dependencies -emit-module -emit-module-path /Users/stevenmoon/Library/Developer/Xcode/DerivedData/MLXChatApp-amxiosaiwumsafctdanitznbjfty/Build/Intermediates.noindex/MLXChatApp.build/Debug-iphonesimulator/MLXChatApp-iOS.build/Objects-normal/arm64/MLXChatApp_iOS.swiftmodule -validate-clang-modules-once -clang-build-session-file /Users/stevenmoon/Library/Developer/Xcode/DerivedData/ModuleCache.noindex/Session.modulevalidation -Xcc -I/Users/stevenmoon/Library/Developer/Xcode/DerivedData/MLXChatApp-amxiosaiwumsafctdanitznbjfty/Build/Intermediates.noindex/MLXChatApp.build/Debug-iphonesimulator/MLXChatApp-iOS.build/swift-overrides.hmap -emit-const-values -Xfrontend -const-gather-protocols-file -Xfrontend /Users/stevenmoon/Library/Developer/Xcode/DerivedData/MLXChatApp-amxiosaiwumsafctdanitznbjfty/Build/Intermediates.noindex/MLXChatApp.build/Debug-iphonesimulator/MLXChatApp-iOS.build/Objects-normal/arm64/MLXChatApp-iOS_const_extract_protocols.json -Xcc -iquote -Xcc /Users/stevenmoon/Library/Developer/Xcode/DerivedData/MLXChatApp-amxiosaiwumsafctdanitznbjfty/Build/Intermediates.noindex/MLXChatApp.build/Debug-iphonesimulator/MLXChatApp-iOS.build/MLXChatApp-iOS-generated-files.hmap -Xcc -I/Users/stevenmoon/Library/Developer/Xcode/DerivedData/MLXChatApp-amxiosaiwumsafctdanitznbjfty/Build/Intermediates.noindex/MLXChatApp.build/Debug-iphonesimulator/MLXChatApp-iOS.build/MLXChatApp-iOS-own-target-headers.hmap -Xcc -I/Users/stevenmoon/Library/Developer/Xcode/DerivedData/MLXChatApp-amxiosaiwumsafctdanitznbjfty/Build/Intermediates.noindex/MLXChatApp.build/Debug-iphonesimulator/MLXChatApp-iOS.build/MLXChatApp-iOS-all-non-framework-target-headers.hmap -Xcc -ivfsoverlay -Xcc /Users/stevenmoon/Library/Developer/Xcode/DerivedData/MLXChatApp-amxiosaiwumsafctdanitznbjfty/Build/Intermediates.noindex/MLXChatApp.build/Debug-iphonesimulator/MLXChatApp-01f87f0d63b9ce7e6199513eb7cf41ad-VFS-iphonesimulator/all-product-headers.yaml -Xcc -iquote -Xcc /Users/stevenmoon/Library/Developer/Xcode/DerivedData/MLXChatApp-amxiosaiwumsafctdanitznbjfty/Build/Intermediates.noindex/MLXChatApp.build/Debug-iphonesimulator/MLXChatApp-iOS.build/MLXChatApp-iOS-project-headers.hmap -Xcc -I/Users/stevenmoon/Library/Developer/Xcode/DerivedData/MLXChatApp-amxiosaiwumsafctdanitznbjfty/SourcePackages/checkouts/swift-numerics/Sources/_NumericsShims/include -Xcc -I/Users/stevenmoon/Library/Developer/Xcode/DerivedData/MLXChatApp-amxiosaiwumsafctdanitznbjfty/SourcePackages/checkouts/mlx-swift/Source/Cmlx/include -Xcc -I/Users/stevenmoon/Library/Developer/Xcode/DerivedData/MLXChatApp-amxiosaiwumsafctdanitznbjfty/Build/Products/Debug-iphonesimulator/include -Xcc -I/Users/stevenmoon/Library/Developer/Xcode/DerivedData/MLXChatApp-amxiosaiwumsafctdanitznbjfty/Build/Intermediates.noindex/MLXChatApp.build/Debug-iphonesimulator/MLXChatApp-iOS.build/DerivedSources-normal/arm64 -Xcc -I/Users/stevenmoon/Library/Developer/Xcode/DerivedData/MLXChatApp-amxiosaiwumsafctdanitznbjfty/Build/Intermediates.noindex/MLXChatApp.build/Debug-iphonesimulator/MLXChatApp-iOS.build/DerivedSources/arm64 -Xcc -I/Users/stevenmoon/Library/Developer/Xcode/DerivedData/MLXChatApp-amxiosaiwumsafctdanitznbjfty/Build/Intermediates.noindex/MLXChatApp.build/Debug-iphonesimulator/MLXChatApp-iOS.build/DerivedSources -Xcc -DDEBUG\=1 -emit-objc-header -emit-objc-header-path /Users/stevenmoon/Library/Developer/Xcode/DerivedData/MLXChatApp-amxiosaiwumsafctdanitznbjfty/Build/Intermediates.noindex/MLXChatApp.build/Debug-iphonesimulator/MLXChatApp-iOS.build/Objects-normal/arm64/MLXChatApp_iOS-Swift.h -working-directory /Users/stevenmoon/Documents/GitHub/mlx-engine/MLXChatApp -experimental-emit-module-separately -disable-cmo

SwiftEmitModule normal arm64 Emitting\ module\ for\ MLXChatApp_iOS (in target 'MLXChatApp-iOS' from project 'MLXChatApp')

EmitSwiftModule normal arm64 (in target 'MLXChatApp-iOS' from project 'MLXChatApp')
    cd /Users/stevenmoon/Documents/GitHub/mlx-engine/MLXChatApp
    

SwiftCompile normal arm64 Compiling\ MainTabView.swift /Users/stevenmoon/Documents/GitHub/mlx-engine/MLXChatApp/Sources/iOS/MainTabView.swift (in target 'MLXChatApp-iOS' from project 'MLXChatApp')

SwiftCompile normal arm64 /Users/stevenmoon/Documents/GitHub/mlx-engine/MLXChatApp/Sources/iOS/MainTabView.swift (in target 'MLXChatApp-iOS' from project 'MLXChatApp')
    cd /Users/stevenmoon/Documents/GitHub/mlx-engine/MLXChatApp
    

SwiftDriverJobDiscovery normal arm64 Compiling MainTabView.swift (in target 'MLXChatApp-iOS' from project 'MLXChatApp')

SwiftDriver\ Compilation MLXChatApp-iOS normal arm64 com.apple.xcode.tools.swift.compiler (in target 'MLXChatApp-iOS' from project 'MLXChatApp')
    cd /Users/stevenmoon/Documents/GitHub/mlx-engine/MLXChatApp
    builtin-Swift-Compilation -- /Applications/Xcode.app/Contents/Developer/Toolchains/XcodeDefault.xctoolchain/usr/bin/swiftc -module-name MLXChatApp_iOS -Onone -enforce-exclusivity\=checked @/Users/stevenmoon/Library/Developer/Xcode/DerivedData/MLXChatApp-amxiosaiwumsafctdanitznbjfty/Build/Intermediates.noindex/MLXChatApp.build/Debug-iphonesimulator/MLXChatApp-iOS.build/Objects-normal/arm64/MLXChatApp-iOS.SwiftFileList -DDEBUG -enable-bare-slash-regex -enable-experimental-feature DebugDescriptionMacro -sdk /Applications/Xcode.app/Contents/Developer/Platforms/iPhoneSimulator.platform/Developer/SDKs/iPhoneSimulator18.5.sdk -target arm64-apple-ios17.0-simulator -g -module-cache-path /Users/stevenmoon/Library/Developer/Xcode/DerivedData/ModuleCache.noindex -Xfrontend -serialize-debugging-options -enable-testing -index-store-path /Users/stevenmoon/Library/Developer/Xcode/DerivedData/MLXChatApp-amxiosaiwumsafctdanitznbjfty/Index.noindex/DataStore -swift-version 5 -I /Users/stevenmoon/Library/Developer/Xcode/DerivedData/MLXChatApp-amxiosaiwumsafctdanitznbjfty/Build/Products/Debug-iphonesimulator -F /Users/stevenmoon/Library/Developer/Xcode/DerivedData/MLXChatApp-amxiosaiwumsafctdanitznbjfty/Build/Products/Debug-iphonesimulator/PackageFrameworks -F /Users/stevenmoon/Library/Developer/Xcode/DerivedData/MLXChatApp-amxiosaiwumsafctdanitznbjfty/Build/Products/Debug-iphonesimulator/PackageFrameworks -F /Users/stevenmoon/Library/Developer/Xcode/DerivedData/MLXChatApp-amxiosaiwumsafctdanitznbjfty/Build/Products/Debug-iphonesimulator/PackageFrameworks -F /Users/stevenmoon/Library/Developer/Xcode/DerivedData/MLXChatApp-amxiosaiwumsafctdanitznbjfty/Build/Products/Debug-iphonesimulator/PackageFrameworks -F /Users/stevenmoon/Library/Developer/Xcode/DerivedData/MLXChatApp-amxiosaiwumsafctdanitznbjfty/Build/Products/Debug-iphonesimulator/PackageFrameworks -F /Users/stevenmoon/Library/Developer/Xcode/DerivedData/MLXChatApp-amxiosaiwumsafctdanitznbjfty/Build/Products/Debug-iphonesimulator/PackageFrameworks -F /Users/stevenmoon/Library/Developer/Xcode/DerivedData/MLXChatApp-amxiosaiwumsafctdanitznbjfty/Build/Products/Debug-iphonesimulator/PackageFrameworks -F /Users/stevenmoon/Library/Developer/Xcode/DerivedData/MLXChatApp-amxiosaiwumsafctdanitznbjfty/Build/Products/Debug-iphonesimulator/PackageFrameworks -F /Users/stevenmoon/Library/Developer/Xcode/DerivedData/MLXChatApp-amxiosaiwumsafctdanitznbjfty/Build/Products/Debug-iphonesimulator/PackageFrameworks -F /Users/stevenmoon/Library/Developer/Xcode/DerivedData/MLXChatApp-amxiosaiwumsafctdanitznbjfty/Build/Products/Debug-iphonesimulator/PackageFrameworks -F /Users/stevenmoon/Library/Developer/Xcode/DerivedData/MLXChatApp-amxiosaiwumsafctdanitznbjfty/Build/Products/Debug-iphonesimulator/PackageFrameworks -F /Users/stevenmoon/Library/Developer/Xcode/DerivedData/MLXChatApp-amxiosaiwumsafctdanitznbjfty/Build/Products/Debug-iphonesimulator/PackageFrameworks -F /Users/stevenmoon/Library/Developer/Xcode/DerivedData/MLXChatApp-amxiosaiwumsafctdanitznbjfty/Build/Products/Debug-iphonesimulator/PackageFrameworks -F /Users/stevenmoon/Library/Developer/Xcode/DerivedData/MLXChatApp-amxiosaiwumsafctdanitznbjfty/Build/Products/Debug-iphonesimulator/PackageFrameworks -F /Users/stevenmoon/Library/Developer/Xcode/DerivedData/MLXChatApp-amxiosaiwumsafctdanitznbjfty/Build/Products/Debug-iphonesimulator/PackageFrameworks -F /Users/stevenmoon/Library/Developer/Xcode/DerivedData/MLXChatApp-amxiosaiwumsafctdanitznbjfty/Build/Products/Debug-iphonesimulator/PackageFrameworks -F /Users/stevenmoon/Library/Developer/Xcode/DerivedData/MLXChatApp-amxiosaiwumsafctdanitznbjfty/Build/Products/Debug-iphonesimulator/PackageFrameworks -F /Users/stevenmoon/Library/Developer/Xcode/DerivedData/MLXChatApp-amxiosaiwumsafctdanitznbjfty/Build/Products/Debug-iphonesimulator/PackageFrameworks -F /Users/stevenmoon/Library/Developer/Xcode/DerivedData/MLXChatApp-amxiosaiwumsafctdanitznbjfty/Build/Products/Debug-iphonesimulator/PackageFrameworks -F /Users/stevenmoon/Library/Developer/Xcode/DerivedData/MLXChatApp-amxiosaiwumsafctdanitznbjfty/Build/Products/Debug-iphonesimulator/PackageFrameworks -F /Users/stevenmoon/Library/Developer/Xcode/DerivedData/MLXChatApp-amxiosaiwumsafctdanitznbjfty/Build/Products/Debug-iphonesimulator/PackageFrameworks -F /Users/stevenmoon/Library/Developer/Xcode/DerivedData/MLXChatApp-amxiosaiwumsafctdanitznbjfty/Build/Products/Debug-iphonesimulator/PackageFrameworks -F /Users/stevenmoon/Library/Developer/Xcode/DerivedData/MLXChatApp-amxiosaiwumsafctdanitznbjfty/Build/Products/Debug-iphonesimulator/PackageFrameworks -F /Users/stevenmoon/Library/Developer/Xcode/DerivedData/MLXChatApp-amxiosaiwumsafctdanitznbjfty/Build/Products/Debug-iphonesimulator/PackageFrameworks -F /Users/stevenmoon/Library/Developer/Xcode/DerivedData/MLXChatApp-amxiosaiwumsafctdanitznbjfty/Build/Products/Debug-iphonesimulator/PackageFrameworks -F /Users/stevenmoon/Library/Developer/Xcode/DerivedData/MLXChatApp-amxiosaiwumsafctdanitznbjfty/Build/Products/Debug-iphonesimulator -c -j12 -enable-batch-mode -incremental -Xcc -ivfsstatcache -Xcc /Users/stevenmoon/Library/Developer/Xcode/DerivedData/SDKStatCaches.noindex/iphonesimulator18.5-22F76-d5fc8ad4295d2ef488fb7d0f804ce0c4.sdkstatcache -output-file-map /Users/stevenmoon/Library/Developer/Xcode/DerivedData/MLXChatApp-amxiosaiwumsafctdanitznbjfty/Build/Intermediates.noindex/MLXChatApp.build/Debug-iphonesimulator/MLXChatApp-iOS.build/Objects-normal/arm64/MLXChatApp-iOS-OutputFileMap.json -use-frontend-parseable-output -save-temps -no-color-diagnostics -serialize-diagnostics -emit-dependencies -emit-module -emit-module-path /Users/stevenmoon/Library/Developer/Xcode/DerivedData/MLXChatApp-amxiosaiwumsafctdanitznbjfty/Build/Intermediates.noindex/MLXChatApp.build/Debug-iphonesimulator/MLXChatApp-iOS.build/Objects-normal/arm64/MLXChatApp_iOS.swiftmodule -validate-clang-modules-once -clang-build-session-file /Users/stevenmoon/Library/Developer/Xcode/DerivedData/ModuleCache.noindex/Session.modulevalidation -Xcc -I/Users/stevenmoon/Library/Developer/Xcode/DerivedData/MLXChatApp-amxiosaiwumsafctdanitznbjfty/Build/Intermediates.noindex/MLXChatApp.build/Debug-iphonesimulator/MLXChatApp-iOS.build/swift-overrides.hmap -emit-const-values -Xfrontend -const-gather-protocols-file -Xfrontend /Users/stevenmoon/Library/Developer/Xcode/DerivedData/MLXChatApp-amxiosaiwumsafctdanitznbjfty/Build/Intermediates.noindex/MLXChatApp.build/Debug-iphonesimulator/MLXChatApp-iOS.build/Objects-normal/arm64/MLXChatApp-iOS_const_extract_protocols.json -Xcc -iquote -Xcc /Users/stevenmoon/Library/Developer/Xcode/DerivedData/MLXChatApp-amxiosaiwumsafctdanitznbjfty/Build/Intermediates.noindex/MLXChatApp.build/Debug-iphonesimulator/MLXChatApp-iOS.build/MLXChatApp-iOS-generated-files.hmap -Xcc -I/Users/stevenmoon/Library/Developer/Xcode/DerivedData/MLXChatApp-amxiosaiwumsafctdanitznbjfty/Build/Intermediates.noindex/MLXChatApp.build/Debug-iphonesimulator/MLXChatApp-iOS.build/MLXChatApp-iOS-own-target-headers.hmap -Xcc -I/Users/stevenmoon/Library/Developer/Xcode/DerivedData/MLXChatApp-amxiosaiwumsafctdanitznbjfty/Build/Intermediates.noindex/MLXChatApp.build/Debug-iphonesimulator/MLXChatApp-iOS.build/MLXChatApp-iOS-all-non-framework-target-headers.hmap -Xcc -ivfsoverlay -Xcc /Users/stevenmoon/Library/Developer/Xcode/DerivedData/MLXChatApp-amxiosaiwumsafctdanitznbjfty/Build/Intermediates.noindex/MLXChatApp.build/Debug-iphonesimulator/MLXChatApp-01f87f0d63b9ce7e6199513eb7cf41ad-VFS-iphonesimulator/all-product-headers.yaml -Xcc -iquote -Xcc /Users/stevenmoon/Library/Developer/Xcode/DerivedData/MLXChatApp-amxiosaiwumsafctdanitznbjfty/Build/Intermediates.noindex/MLXChatApp.build/Debug-iphonesimulator/MLXChatApp-iOS.build/MLXChatApp-iOS-project-headers.hmap -Xcc -I/Users/stevenmoon/Library/Developer/Xcode/DerivedData/MLXChatApp-amxiosaiwumsafctdanitznbjfty/SourcePackages/checkouts/swift-numerics/Sources/_NumericsShims/include -Xcc -I/Users/stevenmoon/Library/Developer/Xcode/DerivedData/MLXChatApp-amxiosaiwumsafctdanitznbjfty/SourcePackages/checkouts/mlx-swift/Source/Cmlx/include -Xcc -I/Users/stevenmoon/Library/Developer/Xcode/DerivedData/MLXChatApp-amxiosaiwumsafctdanitznbjfty/Build/Products/Debug-iphonesimulator/include -Xcc -I/Users/stevenmoon/Library/Developer/Xcode/DerivedData/MLXChatApp-amxiosaiwumsafctdanitznbjfty/Build/Intermediates.noindex/MLXChatApp.build/Debug-iphonesimulator/MLXChatApp-iOS.build/DerivedSources-normal/arm64 -Xcc -I/Users/stevenmoon/Library/Developer/Xcode/DerivedData/MLXChatApp-amxiosaiwumsafctdanitznbjfty/Build/Intermediates.noindex/MLXChatApp.build/Debug-iphonesimulator/MLXChatApp-iOS.build/DerivedSources/arm64 -Xcc -I/Users/stevenmoon/Library/Developer/Xcode/DerivedData/MLXChatApp-amxiosaiwumsafctdanitznbjfty/Build/Intermediates.noindex/MLXChatApp.build/Debug-iphonesimulator/MLXChatApp-iOS.build/DerivedSources -Xcc -DDEBUG\=1 -emit-objc-header -emit-objc-header-path /Users/stevenmoon/Library/Developer/Xcode/DerivedData/MLXChatApp-amxiosaiwumsafctdanitznbjfty/Build/Intermediates.noindex/MLXChatApp.build/Debug-iphonesimulator/MLXChatApp-iOS.build/Objects-normal/arm64/MLXChatApp_iOS-Swift.h -working-directory /Users/stevenmoon/Documents/GitHub/mlx-engine/MLXChatApp -experimental-emit-module-separately -disable-cmo

SwiftDriverJobDiscovery normal arm64 Emitting module for MLXChatApp_iOS (in target 'MLXChatApp-iOS' from project 'MLXChatApp')

SwiftDriver\ Compilation\ Requirements MLXChatApp-iOS normal arm64 com.apple.xcode.tools.swift.compiler (in target 'MLXChatApp-iOS' from project 'MLXChatApp')
    cd /Users/stevenmoon/Documents/GitHub/mlx-engine/MLXChatApp
    builtin-Swift-Compilation-Requirements -- /Applications/Xcode.app/Contents/Developer/Toolchains/XcodeDefault.xctoolchain/usr/bin/swiftc -module-name MLXChatApp_iOS -Onone -enforce-exclusivity\=checked @/Users/stevenmoon/Library/Developer/Xcode/DerivedData/MLXChatApp-amxiosaiwumsafctdanitznbjfty/Build/Intermediates.noindex/MLXChatApp.build/Debug-iphonesimulator/MLXChatApp-iOS.build/Objects-normal/arm64/MLXChatApp-iOS.SwiftFileList -DDEBUG -enable-bare-slash-regex -enable-experimental-feature DebugDescriptionMacro -sdk /Applications/Xcode.app/Contents/Developer/Platforms/iPhoneSimulator.platform/Developer/SDKs/iPhoneSimulator18.5.sdk -target arm64-apple-ios17.0-simulator -g -module-cache-path /Users/stevenmoon/Library/Developer/Xcode/DerivedData/ModuleCache.noindex -Xfrontend -serialize-debugging-options -enable-testing -index-store-path /Users/stevenmoon/Library/Developer/Xcode/DerivedData/MLXChatApp-amxiosaiwumsafctdanitznbjfty/Index.noindex/DataStore -swift-version 5 -I /Users/stevenmoon/Library/Developer/Xcode/DerivedData/MLXChatApp-amxiosaiwumsafctdanitznbjfty/Build/Products/Debug-iphonesimulator -F /Users/stevenmoon/Library/Developer/Xcode/DerivedData/MLXChatApp-amxiosaiwumsafctdanitznbjfty/Build/Products/Debug-iphonesimulator/PackageFrameworks -F /Users/stevenmoon/Library/Developer/Xcode/DerivedData/MLXChatApp-amxiosaiwumsafctdanitznbjfty/Build/Products/Debug-iphonesimulator/PackageFrameworks -F /Users/stevenmoon/Library/Developer/Xcode/DerivedData/MLXChatApp-amxiosaiwumsafctdanitznbjfty/Build/Products/Debug-iphonesimulator/PackageFrameworks -F /Users/stevenmoon/Library/Developer/Xcode/DerivedData/MLXChatApp-amxiosaiwumsafctdanitznbjfty/Build/Products/Debug-iphonesimulator/PackageFrameworks -F /Users/stevenmoon/Library/Developer/Xcode/DerivedData/MLXChatApp-amxiosaiwumsafctdanitznbjfty/Build/Products/Debug-iphonesimulator/PackageFrameworks -F /Users/stevenmoon/Library/Developer/Xcode/DerivedData/MLXChatApp-amxiosaiwumsafctdanitznbjfty/Build/Products/Debug-iphonesimulator/PackageFrameworks -F /Users/stevenmoon/Library/Developer/Xcode/DerivedData/MLXChatApp-amxiosaiwumsafctdanitznbjfty/Build/Products/Debug-iphonesimulator/PackageFrameworks -F /Users/stevenmoon/Library/Developer/Xcode/DerivedData/MLXChatApp-amxiosaiwumsafctdanitznbjfty/Build/Products/Debug-iphonesimulator/PackageFrameworks -F /Users/stevenmoon/Library/Developer/Xcode/DerivedData/MLXChatApp-amxiosaiwumsafctdanitznbjfty/Build/Products/Debug-iphonesimulator/PackageFrameworks -F /Users/stevenmoon/Library/Developer/Xcode/DerivedData/MLXChatApp-amxiosaiwumsafctdanitznbjfty/Build/Products/Debug-iphonesimulator/PackageFrameworks -F /Users/stevenmoon/Library/Developer/Xcode/DerivedData/MLXChatApp-amxiosaiwumsafctdanitznbjfty/Build/Products/Debug-iphonesimulator/PackageFrameworks -F /Users/stevenmoon/Library/Developer/Xcode/DerivedData/MLXChatApp-amxiosaiwumsafctdanitznbjfty/Build/Products/Debug-iphonesimulator/PackageFrameworks -F /Users/stevenmoon/Library/Developer/Xcode/DerivedData/MLXChatApp-amxiosaiwumsafctdanitznbjfty/Build/Products/Debug-iphonesimulator/PackageFrameworks -F /Users/stevenmoon/Library/Developer/Xcode/DerivedData/MLXChatApp-amxiosaiwumsafctdanitznbjfty/Build/Products/Debug-iphonesimulator/PackageFrameworks -F /Users/stevenmoon/Library/Developer/Xcode/DerivedData/MLXChatApp-amxiosaiwumsafctdanitznbjfty/Build/Products/Debug-iphonesimulator/PackageFrameworks -F /Users/stevenmoon/Library/Developer/Xcode/DerivedData/MLXChatApp-amxiosaiwumsafctdanitznbjfty/Build/Products/Debug-iphonesimulator/PackageFrameworks -F /Users/stevenmoon/Library/Developer/Xcode/DerivedData/MLXChatApp-amxiosaiwumsafctdanitznbjfty/Build/Products/Debug-iphonesimulator/PackageFrameworks -F /Users/stevenmoon/Library/Developer/Xcode/DerivedData/MLXChatApp-amxiosaiwumsafctdanitznbjfty/Build/Products/Debug-iphonesimulator/PackageFrameworks -F /Users/stevenmoon/Library/Developer/Xcode/DerivedData/MLXChatApp-amxiosaiwumsafctdanitznbjfty/Build/Products/Debug-iphonesimulator/PackageFrameworks -F /Users/stevenmoon/Library/Developer/Xcode/DerivedData/MLXChatApp-amxiosaiwumsafctdanitznbjfty/Build/Products/Debug-iphonesimulator/PackageFrameworks -F /Users/stevenmoon/Library/Developer/Xcode/DerivedData/MLXChatApp-amxiosaiwumsafctdanitznbjfty/Build/Products/Debug-iphonesimulator/PackageFrameworks -F /Users/stevenmoon/Library/Developer/Xcode/DerivedData/MLXChatApp-amxiosaiwumsafctdanitznbjfty/Build/Products/Debug-iphonesimulator/PackageFrameworks -F /Users/stevenmoon/Library/Developer/Xcode/DerivedData/MLXChatApp-amxiosaiwumsafctdanitznbjfty/Build/Products/Debug-iphonesimulator/PackageFrameworks -F /Users/stevenmoon/Library/Developer/Xcode/DerivedData/MLXChatApp-amxiosaiwumsafctdanitznbjfty/Build/Products/Debug-iphonesimulator/PackageFrameworks -F /Users/stevenmoon/Library/Developer/Xcode/DerivedData/MLXChatApp-amxiosaiwumsafctdanitznbjfty/Build/Products/Debug-iphonesimulator/PackageFrameworks -F /Users/stevenmoon/Library/Developer/Xcode/DerivedData/MLXChatApp-amxiosaiwumsafctdanitznbjfty/Build/Products/Debug-iphonesimulator -c -j12 -enable-batch-mode -incremental -Xcc -ivfsstatcache -Xcc /Users/stevenmoon/Library/Developer/Xcode/DerivedData/SDKStatCaches.noindex/iphonesimulator18.5-22F76-d5fc8ad4295d2ef488fb7d0f804ce0c4.sdkstatcache -output-file-map /Users/stevenmoon/Library/Developer/Xcode/DerivedData/MLXChatApp-amxiosaiwumsafctdanitznbjfty/Build/Intermediates.noindex/MLXChatApp.build/Debug-iphonesimulator/MLXChatApp-iOS.build/Objects-normal/arm64/MLXChatApp-iOS-OutputFileMap.json -use-frontend-parseable-output -save-temps -no-color-diagnostics -serialize-diagnostics -emit-dependencies -emit-module -emit-module-path /Users/stevenmoon/Library/Developer/Xcode/DerivedData/MLXChatApp-amxiosaiwumsafctdanitznbjfty/Build/Intermediates.noindex/MLXChatApp.build/Debug-iphonesimulator/MLXChatApp-iOS.build/Objects-normal/arm64/MLXChatApp_iOS.swiftmodule -validate-clang-modules-once -clang-build-session-file /Users/stevenmoon/Library/Developer/Xcode/DerivedData/ModuleCache.noindex/Session.modulevalidation -Xcc -I/Users/stevenmoon/Library/Developer/Xcode/DerivedData/MLXChatApp-amxiosaiwumsafctdanitznbjfty/Build/Intermediates.noindex/MLXChatApp.build/Debug-iphonesimulator/MLXChatApp-iOS.build/swift-overrides.hmap -emit-const-values -Xfrontend -const-gather-protocols-file -Xfrontend /Users/stevenmoon/Library/Developer/Xcode/DerivedData/MLXChatApp-amxiosaiwumsafctdanitznbjfty/Build/Intermediates.noindex/MLXChatApp.build/Debug-iphonesimulator/MLXChatApp-iOS.build/Objects-normal/arm64/MLXChatApp-iOS_const_extract_protocols.json -Xcc -iquote -Xcc /Users/stevenmoon/Library/Developer/Xcode/DerivedData/MLXChatApp-amxiosaiwumsafctdanitznbjfty/Build/Intermediates.noindex/MLXChatApp.build/Debug-iphonesimulator/MLXChatApp-iOS.build/MLXChatApp-iOS-generated-files.hmap -Xcc -I/Users/stevenmoon/Library/Developer/Xcode/DerivedData/MLXChatApp-amxiosaiwumsafctdanitznbjfty/Build/Intermediates.noindex/MLXChatApp.build/Debug-iphonesimulator/MLXChatApp-iOS.build/MLXChatApp-iOS-own-target-headers.hmap -Xcc -I/Users/stevenmoon/Library/Developer/Xcode/DerivedData/MLXChatApp-amxiosaiwumsafctdanitznbjfty/Build/Intermediates.noindex/MLXChatApp.build/Debug-iphonesimulator/MLXChatApp-iOS.build/MLXChatApp-iOS-all-non-framework-target-headers.hmap -Xcc -ivfsoverlay -Xcc /Users/stevenmoon/Library/Developer/Xcode/DerivedData/MLXChatApp-amxiosaiwumsafctdanitznbjfty/Build/Intermediates.noindex/MLXChatApp.build/Debug-iphonesimulator/MLXChatApp-01f87f0d63b9ce7e6199513eb7cf41ad-VFS-iphonesimulator/all-product-headers.yaml -Xcc -iquote -Xcc /Users/stevenmoon/Library/Developer/Xcode/DerivedData/MLXChatApp-amxiosaiwumsafctdanitznbjfty/Build/Intermediates.noindex/MLXChatApp.build/Debug-iphonesimulator/MLXChatApp-iOS.build/MLXChatApp-iOS-project-headers.hmap -Xcc -I/Users/stevenmoon/Library/Developer/Xcode/DerivedData/MLXChatApp-amxiosaiwumsafctdanitznbjfty/SourcePackages/checkouts/swift-numerics/Sources/_NumericsShims/include -Xcc -I/Users/stevenmoon/Library/Developer/Xcode/DerivedData/MLXChatApp-amxiosaiwumsafctdanitznbjfty/SourcePackages/checkouts/mlx-swift/Source/Cmlx/include -Xcc -I/Users/stevenmoon/Library/Developer/Xcode/DerivedData/MLXChatApp-amxiosaiwumsafctdanitznbjfty/Build/Products/Debug-iphonesimulator/include -Xcc -I/Users/stevenmoon/Library/Developer/Xcode/DerivedData/MLXChatApp-amxiosaiwumsafctdanitznbjfty/Build/Intermediates.noindex/MLXChatApp.build/Debug-iphonesimulator/MLXChatApp-iOS.build/DerivedSources-normal/arm64 -Xcc -I/Users/stevenmoon/Library/Developer/Xcode/DerivedData/MLXChatApp-amxiosaiwumsafctdanitznbjfty/Build/Intermediates.noindex/MLXChatApp.build/Debug-iphonesimulator/MLXChatApp-iOS.build/DerivedSources/arm64 -Xcc -I/Users/stevenmoon/Library/Developer/Xcode/DerivedData/MLXChatApp-amxiosaiwumsafctdanitznbjfty/Build/Intermediates.noindex/MLXChatApp.build/Debug-iphonesimulator/MLXChatApp-iOS.build/DerivedSources -Xcc -DDEBUG\=1 -emit-objc-header -emit-objc-header-path /Users/stevenmoon/Library/Developer/Xcode/DerivedData/MLXChatApp-amxiosaiwumsafctdanitznbjfty/Build/Intermediates.noindex/MLXChatApp.build/Debug-iphonesimulator/MLXChatApp-iOS.build/Objects-normal/arm64/MLXChatApp_iOS-Swift.h -working-directory /Users/stevenmoon/Documents/GitHub/mlx-engine/MLXChatApp -experimental-emit-module-separately -disable-cmo

Copy /Users/stevenmoon/Library/Developer/Xcode/DerivedData/MLXChatApp-amxiosaiwumsafctdanitznbjfty/Build/Products/Debug-iphonesimulator/MLXChatApp_iOS.swiftmodule/arm64-apple-ios-simulator.abi.json /Users/stevenmoon/Library/Developer/Xcode/DerivedData/MLXChatApp-amxiosaiwumsafctdanitznbjfty/Build/Intermediates.noindex/MLXChatApp.build/Debug-iphonesimulator/MLXChatApp-iOS.build/Objects-normal/arm64/MLXChatApp_iOS.abi.json (in target 'MLXChatApp-iOS' from project 'MLXChatApp')
    cd /Users/stevenmoon/Documents/GitHub/mlx-engine/MLXChatApp
    builtin-copy -exclude .DS_Store -exclude CVS -exclude .svn -exclude .git -exclude .hg -resolve-src-symlinks -rename /Users/stevenmoon/Library/Developer/Xcode/DerivedData/MLXChatApp-amxiosaiwumsafctdanitznbjfty/Build/Intermediates.noindex/MLXChatApp.build/Debug-iphonesimulator/MLXChatApp-iOS.build/Objects-normal/arm64/MLXChatApp_iOS.abi.json /Users/stevenmoon/Library/Developer/Xcode/DerivedData/MLXChatApp-amxiosaiwumsafctdanitznbjfty/Build/Products/Debug-iphonesimulator/MLXChatApp_iOS.swiftmodule/arm64-apple-ios-simulator.abi.json

Copy /Users/stevenmoon/Library/Developer/Xcode/DerivedData/MLXChatApp-amxiosaiwumsafctdanitznbjfty/Build/Products/Debug-iphonesimulator/MLXChatApp_iOS.swiftmodule/Project/arm64-apple-ios-simulator.swiftsourceinfo /Users/stevenmoon/Library/Developer/Xcode/DerivedData/MLXChatApp-amxiosaiwumsafctdanitznbjfty/Build/Intermediates.noindex/MLXChatApp.build/Debug-iphonesimulator/MLXChatApp-iOS.build/Objects-normal/arm64/MLXChatApp_iOS.swiftsourceinfo (in target 'MLXChatApp-iOS' from project 'MLXChatApp')
    cd /Users/stevenmoon/Documents/GitHub/mlx-engine/MLXChatApp
    builtin-copy -exclude .DS_Store -exclude CVS -exclude .svn -exclude .git -exclude .hg -resolve-src-symlinks -rename /Users/stevenmoon/Library/Developer/Xcode/DerivedData/MLXChatApp-amxiosaiwumsafctdanitznbjfty/Build/Intermediates.noindex/MLXChatApp.build/Debug-iphonesimulator/MLXChatApp-iOS.build/Objects-normal/arm64/MLXChatApp_iOS.swiftsourceinfo /Users/stevenmoon/Library/Developer/Xcode/DerivedData/MLXChatApp-amxiosaiwumsafctdanitznbjfty/Build/Products/Debug-iphonesimulator/MLXChatApp_iOS.swiftmodule/Project/arm64-apple-ios-simulator.swiftsourceinfo

Ld /Users/stevenmoon/Library/Developer/Xcode/DerivedData/MLXChatApp-amxiosaiwumsafctdanitznbjfty/Build/Products/Debug-iphonesimulator/MLXChatApp-iOS.app/MLXChatApp-iOS.debug.dylib normal (in target 'MLXChatApp-iOS' from project 'MLXChatApp')
    cd /Users/stevenmoon/Documents/GitHub/mlx-engine/MLXChatApp
    /Applications/Xcode.app/Contents/Developer/Toolchains/XcodeDefault.xctoolchain/usr/bin/clang -Xlinker -reproducible -target arm64-apple-ios17.0-simulator -dynamiclib -isysroot /Applications/Xcode.app/Contents/Developer/Platforms/iPhoneSimulator.platform/Developer/SDKs/iPhoneSimulator18.5.sdk -O0 -L/Users/stevenmoon/Library/Developer/Xcode/DerivedData/MLXChatApp-amxiosaiwumsafctdanitznbjfty/Build/Intermediates.noindex/EagerLinkingTBDs/Debug-iphonesimulator -L/Users/stevenmoon/Library/Developer/Xcode/DerivedData/MLXChatApp-amxiosaiwumsafctdanitznbjfty/Build/Products/Debug-iphonesimulator -F/Users/stevenmoon/Library/Developer/Xcode/DerivedData/MLXChatApp-amxiosaiwumsafctdanitznbjfty/Build/Intermediates.noindex/EagerLinkingTBDs/Debug-iphonesimulator -F/Users/stevenmoon/Library/Developer/Xcode/DerivedData/MLXChatApp-amxiosaiwumsafctdanitznbjfty/Build/Products/Debug-iphonesimulator/PackageFrameworks -F/Users/stevenmoon/Library/Developer/Xcode/DerivedData/MLXChatApp-amxiosaiwumsafctdanitznbjfty/Build/Products/Debug-iphonesimulator/PackageFrameworks -F/Users/stevenmoon/Library/Developer/Xcode/DerivedData/MLXChatApp-amxiosaiwumsafctdanitznbjfty/Build/Products/Debug-iphonesimulator/PackageFrameworks -F/Users/stevenmoon/Library/Developer/Xcode/DerivedData/MLXChatApp-amxiosaiwumsafctdanitznbjfty/Build/Products/Debug-iphonesimulator/PackageFrameworks -F/Users/stevenmoon/Library/Developer/Xcode/DerivedData/MLXChatApp-amxiosaiwumsafctdanitznbjfty/Build/Products/Debug-iphonesimulator/PackageFrameworks -F/Users/stevenmoon/Library/Developer/Xcode/DerivedData/MLXChatApp-amxiosaiwumsafctdanitznbjfty/Build/Products/Debug-iphonesimulator/PackageFrameworks -F/Users/stevenmoon/Library/Developer/Xcode/DerivedData/MLXChatApp-amxiosaiwumsafctdanitznbjfty/Build/Products/Debug-iphonesimulator/PackageFrameworks -F/Users/stevenmoon/Library/Developer/Xcode/DerivedData/MLXChatApp-amxiosaiwumsafctdanitznbjfty/Build/Products/Debug-iphonesimulator/PackageFrameworks -F/Users/stevenmoon/Library/Developer/Xcode/DerivedData/MLXChatApp-amxiosaiwumsafctdanitznbjfty/Build/Products/Debug-iphonesimulator/PackageFrameworks -F/Users/stevenmoon/Library/Developer/Xcode/DerivedData/MLXChatApp-amxiosaiwumsafctdanitznbjfty/Build/Products/Debug-iphonesimulator/PackageFrameworks -F/Users/stevenmoon/Library/Developer/Xcode/DerivedData/MLXChatApp-amxiosaiwumsafctdanitznbjfty/Build/Products/Debug-iphonesimulator/PackageFrameworks -F/Users/stevenmoon/Library/Developer/Xcode/DerivedData/MLXChatApp-amxiosaiwumsafctdanitznbjfty/Build/Products/Debug-iphonesimulator/PackageFrameworks -F/Users/stevenmoon/Library/Developer/Xcode/DerivedData/MLXChatApp-amxiosaiwumsafctdanitznbjfty/Build/Products/Debug-iphonesimulator/PackageFrameworks -F/Users/stevenmoon/Library/Developer/Xcode/DerivedData/MLXChatApp-amxiosaiwumsafctdanitznbjfty/Build/Products/Debug-iphonesimulator/PackageFrameworks -F/Users/stevenmoon/Library/Developer/Xcode/DerivedData/MLXChatApp-amxiosaiwumsafctdanitznbjfty/Build/Products/Debug-iphonesimulator/PackageFrameworks -F/Users/stevenmoon/Library/Developer/Xcode/DerivedData/MLXChatApp-amxiosaiwumsafctdanitznbjfty/Build/Products/Debug-iphonesimulator/PackageFrameworks -F/Users/stevenmoon/Library/Developer/Xcode/DerivedData/MLXChatApp-amxiosaiwumsafctdanitznbjfty/Build/Products/Debug-iphonesimulator/PackageFrameworks -F/Users/stevenmoon/Library/Developer/Xcode/DerivedData/MLXChatApp-amxiosaiwumsafctdanitznbjfty/Build/Products/Debug-iphonesimulator/PackageFrameworks -F/Users/stevenmoon/Library/Developer/Xcode/DerivedData/MLXChatApp-amxiosaiwumsafctdanitznbjfty/Build/Products/Debug-iphonesimulator/PackageFrameworks -F/Users/stevenmoon/Library/Developer/Xcode/DerivedData/MLXChatApp-amxiosaiwumsafctdanitznbjfty/Build/Products/Debug-iphonesimulator/PackageFrameworks -F/Users/stevenmoon/Library/Developer/Xcode/DerivedData/MLXChatApp-amxiosaiwumsafctdanitznbjfty/Build/Products/Debug-iphonesimulator/PackageFrameworks -F/Users/stevenmoon/Library/Developer/Xcode/DerivedData/MLXChatApp-amxiosaiwumsafctdanitznbjfty/Build/Products/Debug-iphonesimulator/PackageFrameworks -F/Users/stevenmoon/Library/Developer/Xcode/DerivedData/MLXChatApp-amxiosaiwumsafctdanitznbjfty/Build/Products/Debug-iphonesimulator/PackageFrameworks -F/Users/stevenmoon/Library/Developer/Xcode/DerivedData/MLXChatApp-amxiosaiwumsafctdanitznbjfty/Build/Products/Debug-iphonesimulator/PackageFrameworks -F/Users/stevenmoon/Library/Developer/Xcode/DerivedData/MLXChatApp-amxiosaiwumsafctdanitznbjfty/Build/Products/Debug-iphonesimulator/PackageFrameworks -F/Users/stevenmoon/Library/Developer/Xcode/DerivedData/MLXChatApp-amxiosaiwumsafctdanitznbjfty/Build/Products/Debug-iphonesimulator -filelist /Users/stevenmoon/Library/Developer/Xcode/DerivedData/MLXChatApp-amxiosaiwumsafctdanitznbjfty/Build/Intermediates.noindex/MLXChatApp.build/Debug-iphonesimulator/MLXChatApp-iOS.build/Objects-normal/arm64/MLXChatApp-iOS.LinkFileList -install_name @rpath/MLXChatApp-iOS.debug.dylib -Xlinker -rpath -Xlinker /Users/stevenmoon/Library/Developer/Xcode/DerivedData/MLXChatApp-amxiosaiwumsafctdanitznbjfty/Build/Products/Debug-iphonesimulator/PackageFrameworks -Xlinker -rpath -Xlinker @executable_path/Frameworks -dead_strip -Xlinker -object_path_lto -Xlinker /Users/stevenmoon/Library/Developer/Xcode/DerivedData/MLXChatApp-amxiosaiwumsafctdanitznbjfty/Build/Intermediates.noindex/MLXChatApp.build/Debug-iphonesimulator/MLXChatApp-iOS.build/Objects-normal/arm64/MLXChatApp-iOS_lto.o -rdynamic -Xlinker -no_deduplicate -Xlinker -objc_abi_version -Xlinker 2 -Xlinker -dependency_info -Xlinker /Users/stevenmoon/Library/Developer/Xcode/DerivedData/MLXChatApp-amxiosaiwumsafctdanitznbjfty/Build/Intermediates.noindex/MLXChatApp.build/Debug-iphonesimulator/MLXChatApp-iOS.build/Objects-normal/arm64/MLXChatApp-iOS_dependency_info.dat -fobjc-link-runtime -L/Applications/Xcode.app/Contents/Developer/Toolchains/XcodeDefault.xctoolchain/usr/lib/swift/iphonesimulator -L/usr/lib/swift -Xlinker -add_ast_path -Xlinker /Users/stevenmoon/Library/Developer/Xcode/DerivedData/MLXChatApp-amxiosaiwumsafctdanitznbjfty/Build/Intermediates.noindex/MLXChatApp.build/Debug-iphonesimulator/MLXChatApp-iOS.build/Objects-normal/arm64/MLXChatApp_iOS.swiftmodule -Wl,-no_warn_duplicate_libraries -Wl,-no_warn_duplicate_libraries -Wl,-no_warn_duplicate_libraries -Wl,-no_warn_duplicate_libraries -Wl,-no_warn_duplicate_libraries -Wl,-no_warn_duplicate_libraries -Wl,-no_warn_duplicate_libraries -Wl,-no_warn_duplicate_libraries -Wl,-no_warn_duplicate_libraries -Wl,-no_warn_duplicate_libraries -lc++ -Wl,-no_warn_duplicate_libraries -Wl,-no_warn_duplicate_libraries -Wl,-no_warn_duplicate_libraries -Wl,-no_warn_duplicate_libraries -Wl,-no_warn_duplicate_libraries -Wl,-no_warn_duplicate_libraries -Wl,-no_warn_duplicate_libraries -Wl,-no_warn_duplicate_libraries -Wl,-no_warn_duplicate_libraries -Wl,-no_warn_duplicate_libraries -Wl,-no_warn_duplicate_libraries -Wl,-no_warn_duplicate_libraries -Wl,-no_warn_duplicate_libraries -Wl,-no_warn_duplicate_libraries -Wl,-no_warn_duplicate_libraries -framework Foundation -framework Metal -framework Accelerate -Xlinker -alias -Xlinker _main -Xlinker ___debug_main_executable_dylib_entry_point -Xlinker -no_adhoc_codesign -o /Users/stevenmoon/Library/Developer/Xcode/DerivedData/MLXChatApp-amxiosaiwumsafctdanitznbjfty/Build/Products/Debug-iphonesimulator/MLXChatApp-iOS.app/MLXChatApp-iOS.debug.dylib -Xlinker -add_ast_path -Xlinker /Users/stevenmoon/Library/Developer/Xcode/DerivedData/MLXChatApp-amxiosaiwumsafctdanitznbjfty/Build/Intermediates.noindex/MLXEngine.build/Debug-iphonesimulator/MLXEngine.build/Objects-normal/arm64/MLXEngine.swiftmodule -Xlinker -add_ast_path -Xlinker /Users/stevenmoon/Library/Developer/Xcode/DerivedData/MLXChatApp-amxiosaiwumsafctdanitznbjfty/Build/Intermediates.noindex/mlx-swift.build/Debug-iphonesimulator/MLX.build/Objects-normal/arm64/MLX.swiftmodule -Xlinker -add_ast_path -Xlinker /Users/stevenmoon/Library/Developer/Xcode/DerivedData/MLXChatApp-amxiosaiwumsafctdanitznbjfty/Build/Intermediates.noindex/swift-numerics.build/Debug-iphonesimulator/Numerics.build/Objects-normal/arm64/Numerics.swiftmodule -Xlinker -add_ast_path -Xlinker /Users/stevenmoon/Library/Developer/Xcode/DerivedData/MLXChatApp-amxiosaiwumsafctdanitznbjfty/Build/Intermediates.noindex/swift-numerics.build/Debug-iphonesimulator/RealModule.build/Objects-normal/arm64/RealModule.swiftmodule -Xlinker -add_ast_path -Xlinker /Users/stevenmoon/Library/Developer/Xcode/DerivedData/MLXChatApp-amxiosaiwumsafctdanitznbjfty/Build/Intermediates.noindex/swift-numerics.build/Debug-iphonesimulator/ComplexModule.build/Objects-normal/arm64/ComplexModule.swiftmodule -Xlinker -add_ast_path -Xlinker /Users/stevenmoon/Library/Developer/Xcode/DerivedData/MLXChatApp-amxiosaiwumsafctdanitznbjfty/Build/Intermediates.noindex/mlx-swift.build/Debug-iphonesimulator/MLXNN.build/Objects-normal/arm64/MLXNN.swiftmodule -Xlinker -add_ast_path -Xlinker /Users/stevenmoon/Library/Developer/Xcode/DerivedData/MLXChatApp-amxiosaiwumsafctdanitznbjfty/Build/Intermediates.noindex/mlx-swift.build/Debug-iphonesimulator/MLXRandom.build/Objects-normal/arm64/MLXRandom.swiftmodule -Xlinker -add_ast_path -Xlinker /Users/stevenmoon/Library/Developer/Xcode/DerivedData/MLXChatApp-amxiosaiwumsafctdanitznbjfty/Build/Intermediates.noindex/mlx-swift.build/Debug-iphonesimulator/MLXFast.build/Objects-normal/arm64/MLXFast.swiftmodule -Xlinker -add_ast_path -Xlinker /Users/stevenmoon/Library/Developer/Xcode/DerivedData/MLXChatApp-amxiosaiwumsafctdanitznbjfty/Build/Intermediates.noindex/mlx-libraries.build/Debug-iphonesimulator/MLXLLM.build/Objects-normal/arm64/MLXLLM.swiftmodule -Xlinker -add_ast_path -Xlinker /Users/stevenmoon/Library/Developer/Xcode/DerivedData/MLXChatApp-amxiosaiwumsafctdanitznbjfty/Build/Intermediates.noindex/mlx-swift.build/Debug-iphonesimulator/MLXOptimizers.build/Objects-normal/arm64/MLXOptimizers.swiftmodule -Xlinker -add_ast_path -Xlinker /Users/stevenmoon/Library/Developer/Xcode/DerivedData/MLXChatApp-amxiosaiwumsafctdanitznbjfty/Build/Intermediates.noindex/mlx-swift.build/Debug-iphonesimulator/MLXLinalg.build/Objects-normal/arm64/MLXLinalg.swiftmodule -Xlinker -add_ast_path -Xlinker /Users/stevenmoon/Library/Developer/Xcode/DerivedData/MLXChatApp-amxiosaiwumsafctdanitznbjfty/Build/Intermediates.noindex/swift-transformers.build/Debug-iphonesimulator/Tokenizers.build/Objects-normal/arm64/Tokenizers.swiftmodule -Xlinker -add_ast_path -Xlinker /Users/stevenmoon/Library/Developer/Xcode/DerivedData/MLXChatApp-amxiosaiwumsafctdanitznbjfty/Build/Intermediates.noindex/swift-transformers.build/Debug-iphonesimulator/Generation.build/Objects-normal/arm64/Generation.swiftmodule -Xlinker -add_ast_path -Xlinker /Users/stevenmoon/Library/Developer/Xcode/DerivedData/MLXChatApp-amxiosaiwumsafctdanitznbjfty/Build/Intermediates.noindex/swift-transformers.build/Debug-iphonesimulator/Models.build/Objects-normal/arm64/Models.swiftmodule -Xlinker -add_ast_path -Xlinker /Users/stevenmoon/Library/Developer/Xcode/DerivedData/MLXChatApp-amxiosaiwumsafctdanitznbjfty/Build/Intermediates.noindex/swift-transformers.build/Debug-iphonesimulator/Hub.build/Objects-normal/arm64/Hub.swiftmodule -Xlinker -add_ast_path -Xlinker /Users/stevenmoon/Library/Developer/Xcode/DerivedData/MLXChatApp-amxiosaiwumsafctdanitznbjfty/Build/Intermediates.noindex/Jinja.build/Debug-iphonesimulator/Jinja.build/Objects-normal/arm64/Jinja.swiftmodule -Xlinker -add_ast_path -Xlinker /Users/stevenmoon/Library/Developer/Xcode/DerivedData/MLXChatApp-amxiosaiwumsafctdanitznbjfty/Build/Intermediates.noindex/swift-collections.build/Debug-iphonesimulator/OrderedCollections.build/Objects-normal/arm64/OrderedCollections.swiftmodule -Xlinker -add_ast_path -Xlinker /Users/stevenmoon/Library/Developer/Xcode/DerivedData/MLXChatApp-amxiosaiwumsafctdanitznbjfty/Build/Intermediates.noindex/swift-collections.build/Debug-iphonesimulator/InternalCollectionsUtilities.build/Objects-normal/arm64/InternalCollectionsUtilities.swiftmodule -Xlinker -add_ast_path -Xlinker /Users/stevenmoon/Library/Developer/Xcode/DerivedData/MLXChatApp-amxiosaiwumsafctdanitznbjfty/Build/Intermediates.noindex/swift-transformers.build/Debug-iphonesimulator/TensorUtils.build/Objects-normal/arm64/TensorUtils.swiftmodule -Xlinker -add_ast_path -Xlinker /Users/stevenmoon/Library/Developer/Xcode/DerivedData/MLXChatApp-amxiosaiwumsafctdanitznbjfty/Build/Intermediates.noindex/mlx-libraries.build/Debug-iphonesimulator/MLXLMCommon.build/Objects-normal/arm64/MLXLMCommon.swiftmodule -Xlinker -add_ast_path -Xlinker /Users/stevenmoon/Library/Developer/Xcode/DerivedData/MLXChatApp-amxiosaiwumsafctdanitznbjfty/Build/Intermediates.noindex/swift-argument-parser.build/Debug-iphonesimulator/ArgumentParser.build/Objects-normal/arm64/ArgumentParser.swiftmodule -Xlinker -add_ast_path -Xlinker /Users/stevenmoon/Library/Developer/Xcode/DerivedData/MLXChatApp-amxiosaiwumsafctdanitznbjfty/Build/Intermediates.noindex/swift-argument-parser.build/Debug-iphonesimulator/ArgumentParserToolInfo.build/Objects-normal/arm64/ArgumentParserToolInfo.swiftmodule -Xlinker -add_ast_path -Xlinker /Users/stevenmoon/Library/Developer/Xcode/DerivedData/MLXChatApp-amxiosaiwumsafctdanitznbjfty/Build/Intermediates.noindex/MLXEngine.build/Debug-iphonesimulator/UIAI.build/Objects-normal/arm64/UIAI.swiftmodule

ConstructStubExecutorLinkFileList /Users/stevenmoon/Library/Developer/Xcode/DerivedData/MLXChatApp-amxiosaiwumsafctdanitznbjfty/Build/Intermediates.noindex/MLXChatApp.build/Debug-iphonesimulator/MLXChatApp-iOS.build/MLXChatApp-iOS-ExecutorLinkFileList-normal-arm64.txt (in target 'MLXChatApp-iOS' from project 'MLXChatApp')
    cd /Users/stevenmoon/Documents/GitHub/mlx-engine/MLXChatApp
    construct-stub-executor-link-file-list /Users/stevenmoon/Library/Developer/Xcode/DerivedData/MLXChatApp-amxiosaiwumsafctdanitznbjfty/Build/Products/Debug-iphonesimulator/MLXChatApp-iOS.app/MLXChatApp-iOS.debug.dylib /Applications/Xcode.app/Contents/Developer/Platforms/iPhoneSimulator.platform/Developer/usr/lib/libPreviewsJITStubExecutor_no_swift_entry_point.a /Applications/Xcode.app/Contents/Developer/Platforms/iPhoneSimulator.platform/Developer/usr/lib/libPreviewsJITStubExecutor.a --output /Users/stevenmoon/Library/Developer/Xcode/DerivedData/MLXChatApp-amxiosaiwumsafctdanitznbjfty/Build/Intermediates.noindex/MLXChatApp.build/Debug-iphonesimulator/MLXChatApp-iOS.build/MLXChatApp-iOS-ExecutorLinkFileList-normal-arm64.txt
note: Using stub executor library with Swift entry point. (in target 'MLXChatApp-iOS' from project 'MLXChatApp')

Ld /Users/stevenmoon/Library/Developer/Xcode/DerivedData/MLXChatApp-amxiosaiwumsafctdanitznbjfty/Build/Products/Debug-iphonesimulator/MLXChatApp-iOS.app/MLXChatApp-iOS normal (in target 'MLXChatApp-iOS' from project 'MLXChatApp')
    cd /Users/stevenmoon/Documents/GitHub/mlx-engine/MLXChatApp
    /Applications/Xcode.app/Contents/Developer/Toolchains/XcodeDefault.xctoolchain/usr/bin/clang -Xlinker -reproducible -target arm64-apple-ios17.0-simulator -isysroot /Applications/Xcode.app/Contents/Developer/Platforms/iPhoneSimulator.platform/Developer/SDKs/iPhoneSimulator18.5.sdk -O0 -L/Users/stevenmoon/Library/Developer/Xcode/DerivedData/MLXChatApp-amxiosaiwumsafctdanitznbjfty/Build/Products/Debug-iphonesimulator -F/Users/stevenmoon/Library/Developer/Xcode/DerivedData/MLXChatApp-amxiosaiwumsafctdanitznbjfty/Build/Products/Debug-iphonesimulator/PackageFrameworks -F/Users/stevenmoon/Library/Developer/Xcode/DerivedData/MLXChatApp-amxiosaiwumsafctdanitznbjfty/Build/Products/Debug-iphonesimulator/PackageFrameworks -F/Users/stevenmoon/Library/Developer/Xcode/DerivedData/MLXChatApp-amxiosaiwumsafctdanitznbjfty/Build/Products/Debug-iphonesimulator/PackageFrameworks -F/Users/stevenmoon/Library/Developer/Xcode/DerivedData/MLXChatApp-amxiosaiwumsafctdanitznbjfty/Build/Products/Debug-iphonesimulator/PackageFrameworks -F/Users/stevenmoon/Library/Developer/Xcode/DerivedData/MLXChatApp-amxiosaiwumsafctdanitznbjfty/Build/Products/Debug-iphonesimulator/PackageFrameworks -F/Users/stevenmoon/Library/Developer/Xcode/DerivedData/MLXChatApp-amxiosaiwumsafctdanitznbjfty/Build/Products/Debug-iphonesimulator/PackageFrameworks -F/Users/stevenmoon/Library/Developer/Xcode/DerivedData/MLXChatApp-amxiosaiwumsafctdanitznbjfty/Build/Products/Debug-iphonesimulator/PackageFrameworks -F/Users/stevenmoon/Library/Developer/Xcode/DerivedData/MLXChatApp-amxiosaiwumsafctdanitznbjfty/Build/Products/Debug-iphonesimulator/PackageFrameworks -F/Users/stevenmoon/Library/Developer/Xcode/DerivedData/MLXChatApp-amxiosaiwumsafctdanitznbjfty/Build/Products/Debug-iphonesimulator/PackageFrameworks -F/Users/stevenmoon/Library/Developer/Xcode/DerivedData/MLXChatApp-amxiosaiwumsafctdanitznbjfty/Build/Products/Debug-iphonesimulator/PackageFrameworks -F/Users/stevenmoon/Library/Developer/Xcode/DerivedData/MLXChatApp-amxiosaiwumsafctdanitznbjfty/Build/Products/Debug-iphonesimulator/PackageFrameworks -F/Users/stevenmoon/Library/Developer/Xcode/DerivedData/MLXChatApp-amxiosaiwumsafctdanitznbjfty/Build/Products/Debug-iphonesimulator/PackageFrameworks -F/Users/stevenmoon/Library/Developer/Xcode/DerivedData/MLXChatApp-amxiosaiwumsafctdanitznbjfty/Build/Products/Debug-iphonesimulator/PackageFrameworks -F/Users/stevenmoon/Library/Developer/Xcode/DerivedData/MLXChatApp-amxiosaiwumsafctdanitznbjfty/Build/Products/Debug-iphonesimulator/PackageFrameworks -F/Users/stevenmoon/Library/Developer/Xcode/DerivedData/MLXChatApp-amxiosaiwumsafctdanitznbjfty/Build/Products/Debug-iphonesimulator/PackageFrameworks -F/Users/stevenmoon/Library/Developer/Xcode/DerivedData/MLXChatApp-amxiosaiwumsafctdanitznbjfty/Build/Products/Debug-iphonesimulator/PackageFrameworks -F/Users/stevenmoon/Library/Developer/Xcode/DerivedData/MLXChatApp-amxiosaiwumsafctdanitznbjfty/Build/Products/Debug-iphonesimulator/PackageFrameworks -F/Users/stevenmoon/Library/Developer/Xcode/DerivedData/MLXChatApp-amxiosaiwumsafctdanitznbjfty/Build/Products/Debug-iphonesimulator/PackageFrameworks -F/Users/stevenmoon/Library/Developer/Xcode/DerivedData/MLXChatApp-amxiosaiwumsafctdanitznbjfty/Build/Products/Debug-iphonesimulator/PackageFrameworks -F/Users/stevenmoon/Library/Developer/Xcode/DerivedData/MLXChatApp-amxiosaiwumsafctdanitznbjfty/Build/Products/Debug-iphonesimulator/PackageFrameworks -F/Users/stevenmoon/Library/Developer/Xcode/DerivedData/MLXChatApp-amxiosaiwumsafctdanitznbjfty/Build/Products/Debug-iphonesimulator/PackageFrameworks -F/Users/stevenmoon/Library/Developer/Xcode/DerivedData/MLXChatApp-amxiosaiwumsafctdanitznbjfty/Build/Products/Debug-iphonesimulator/PackageFrameworks -F/Users/stevenmoon/Library/Developer/Xcode/DerivedData/MLXChatApp-amxiosaiwumsafctdanitznbjfty/Build/Products/Debug-iphonesimulator/PackageFrameworks -F/Users/stevenmoon/Library/Developer/Xcode/DerivedData/MLXChatApp-amxiosaiwumsafctdanitznbjfty/Build/Products/Debug-iphonesimulator/PackageFrameworks -F/Users/stevenmoon/Library/Developer/Xcode/DerivedData/MLXChatApp-amxiosaiwumsafctdanitznbjfty/Build/Products/Debug-iphonesimulator/PackageFrameworks -F/Users/stevenmoon/Library/Developer/Xcode/DerivedData/MLXChatApp-amxiosaiwumsafctdanitznbjfty/Build/Products/Debug-iphonesimulator -Xlinker -rpath -Xlinker @executable_path -Xlinker -rpath -Xlinker /Users/stevenmoon/Library/Developer/Xcode/DerivedData/MLXChatApp-amxiosaiwumsafctdanitznbjfty/Build/Products/Debug-iphonesimulator/PackageFrameworks -Xlinker -rpath -Xlinker @executable_path/Frameworks -rdynamic -Xlinker -no_deduplicate -Xlinker -objc_abi_version -Xlinker 2 -e ___debug_blank_executor_main -Xlinker -sectcreate -Xlinker __TEXT -Xlinker __debug_dylib -Xlinker /Users/stevenmoon/Library/Developer/Xcode/DerivedData/MLXChatApp-amxiosaiwumsafctdanitznbjfty/Build/Intermediates.noindex/MLXChatApp.build/Debug-iphonesimulator/MLXChatApp-iOS.build/MLXChatApp-iOS-DebugDylibPath-normal-arm64.txt -Xlinker -sectcreate -Xlinker __TEXT -Xlinker __debug_instlnm -Xlinker /Users/stevenmoon/Library/Developer/Xcode/DerivedData/MLXChatApp-amxiosaiwumsafctdanitznbjfty/Build/Intermediates.noindex/MLXChatApp.build/Debug-iphonesimulator/MLXChatApp-iOS.build/MLXChatApp-iOS-DebugDylibInstallName-normal-arm64.txt -Xlinker -filelist -Xlinker /Users/stevenmoon/Library/Developer/Xcode/DerivedData/MLXChatApp-amxiosaiwumsafctdanitznbjfty/Build/Intermediates.noindex/MLXChatApp.build/Debug-iphonesimulator/MLXChatApp-iOS.build/MLXChatApp-iOS-ExecutorLinkFileList-normal-arm64.txt -Xlinker -sectcreate -Xlinker __TEXT -Xlinker __entitlements -Xlinker /Users/stevenmoon/Library/Developer/Xcode/DerivedData/MLXChatApp-amxiosaiwumsafctdanitznbjfty/Build/Intermediates.noindex/MLXChatApp.build/Debug-iphonesimulator/MLXChatApp-iOS.build/MLXChatApp-iOS.app-Simulated.xcent -Xlinker -sectcreate -Xlinker __TEXT -Xlinker __ents_der -Xlinker /Users/stevenmoon/Library/Developer/Xcode/DerivedData/MLXChatApp-amxiosaiwumsafctdanitznbjfty/Build/Intermediates.noindex/MLXChatApp.build/Debug-iphonesimulator/MLXChatApp-iOS.build/MLXChatApp-iOS.app-Simulated.xcent.der /Users/stevenmoon/Library/Developer/Xcode/DerivedData/MLXChatApp-amxiosaiwumsafctdanitznbjfty/Build/Products/Debug-iphonesimulator/MLXChatApp-iOS.app/MLXChatApp-iOS.debug.dylib -Xlinker -no_adhoc_codesign -o /Users/stevenmoon/Library/Developer/Xcode/DerivedData/MLXChatApp-amxiosaiwumsafctdanitznbjfty/Build/Products/Debug-iphonesimulator/MLXChatApp-iOS.app/MLXChatApp-iOS

ExtractAppIntentsMetadata (in target 'MLXChatApp-iOS' from project 'MLXChatApp')
    cd /Users/stevenmoon/Documents/GitHub/mlx-engine/MLXChatApp
    /Applications/Xcode.app/Contents/Developer/Toolchains/XcodeDefault.xctoolchain/usr/bin/appintentsmetadataprocessor --toolchain-dir /Applications/Xcode.app/Contents/Developer/Toolchains/XcodeDefault.xctoolchain --module-name MLXChatApp_iOS --sdk-root /Applications/Xcode.app/Contents/Developer/Platforms/iPhoneSimulator.platform/Developer/SDKs/iPhoneSimulator18.5.sdk --xcode-version 16F6 --platform-family iOS --deployment-target 17.0 --bundle-identifier com.clevercoding.MLXChatApp-iOS --output /Users/stevenmoon/Library/Developer/Xcode/DerivedData/MLXChatApp-amxiosaiwumsafctdanitznbjfty/Build/Products/Debug-iphonesimulator/MLXChatApp-iOS.app --target-triple arm64-apple-ios17.0-simulator --binary-file /Users/stevenmoon/Library/Developer/Xcode/DerivedData/MLXChatApp-amxiosaiwumsafctdanitznbjfty/Build/Products/Debug-iphonesimulator/MLXChatApp-iOS.app/MLXChatApp-iOS --dependency-file /Users/stevenmoon/Library/Developer/Xcode/DerivedData/MLXChatApp-amxiosaiwumsafctdanitznbjfty/Build/Intermediates.noindex/MLXChatApp.build/Debug-iphonesimulator/MLXChatApp-iOS.build/Objects-normal/arm64/MLXChatApp-iOS_dependency_info.dat --stringsdata-file /Users/stevenmoon/Library/Developer/Xcode/DerivedData/MLXChatApp-amxiosaiwumsafctdanitznbjfty/Build/Intermediates.noindex/MLXChatApp.build/Debug-iphonesimulator/MLXChatApp-iOS.build/Objects-normal/arm64/ExtractedAppShortcutsMetadata.stringsdata --source-file-list /Users/stevenmoon/Library/Developer/Xcode/DerivedData/MLXChatApp-amxiosaiwumsafctdanitznbjfty/Build/Intermediates.noindex/MLXChatApp.build/Debug-iphonesimulator/MLXChatApp-iOS.build/Objects-normal/arm64/MLXChatApp-iOS.SwiftFileList --metadata-file-list /Users/stevenmoon/Library/Developer/Xcode/DerivedData/MLXChatApp-amxiosaiwumsafctdanitznbjfty/Build/Intermediates.noindex/MLXChatApp.build/Debug-iphonesimulator/MLXChatApp-iOS.build/MLXChatApp-iOS.DependencyMetadataFileList --static-metadata-file-list /Users/stevenmoon/Library/Developer/Xcode/DerivedData/MLXChatApp-amxiosaiwumsafctdanitznbjfty/Build/Intermediates.noindex/MLXChatApp.build/Debug-iphonesimulator/MLXChatApp-iOS.build/MLXChatApp-iOS.DependencyStaticMetadataFileList --swift-const-vals-list /Users/stevenmoon/Library/Developer/Xcode/DerivedData/MLXChatApp-amxiosaiwumsafctdanitznbjfty/Build/Intermediates.noindex/MLXChatApp.build/Debug-iphonesimulator/MLXChatApp-iOS.build/Objects-normal/arm64/MLXChatApp-iOS.SwiftConstValuesFileList --compile-time-extraction --deployment-aware-processing --validate-assistant-intents --no-app-shortcuts-localization
2025-06-26 02:53:13.498 appintentsmetadataprocessor[2477:3759202] Starting appintentsmetadataprocessor export
2025-06-26 02:53:13.499 appintentsmetadataprocessor[2477:3759202] warning: Metadata extraction skipped. No AppIntents.framework dependency found.

CopySwiftLibs /Users/stevenmoon/Library/Developer/Xcode/DerivedData/MLXChatApp-amxiosaiwumsafctdanitznbjfty/Build/Products/Debug-iphonesimulator/MLXChatApp-iOS.app (in target 'MLXChatApp-iOS' from project 'MLXChatApp')
    cd /Users/stevenmoon/Documents/GitHub/mlx-engine/MLXChatApp
    builtin-swiftStdLibTool --copy --verbose --sign - --scan-executable /Users/stevenmoon/Library/Developer/Xcode/DerivedData/MLXChatApp-amxiosaiwumsafctdanitznbjfty/Build/Products/Debug-iphonesimulator/MLXChatApp-iOS.app/MLXChatApp-iOS.debug.dylib --scan-folder /Users/stevenmoon/Library/Developer/Xcode/DerivedData/MLXChatApp-amxiosaiwumsafctdanitznbjfty/Build/Products/Debug-iphonesimulator/MLXChatApp-iOS.app/Frameworks --scan-folder /Users/stevenmoon/Library/Developer/Xcode/DerivedData/MLXChatApp-amxiosaiwumsafctdanitznbjfty/Build/Products/Debug-iphonesimulator/MLXChatApp-iOS.app/PlugIns --scan-folder /Users/stevenmoon/Library/Developer/Xcode/DerivedData/MLXChatApp-amxiosaiwumsafctdanitznbjfty/Build/Products/Debug-iphonesimulator/MLXChatApp-iOS.app/SystemExtensions --scan-folder /Users/stevenmoon/Library/Developer/Xcode/DerivedData/MLXChatApp-amxiosaiwumsafctdanitznbjfty/Build/Products/Debug-iphonesimulator/MLXChatApp-iOS.app/Extensions --platform iphonesimulator --toolchain /Applications/Xcode.app/Contents/Developer/Toolchains/XcodeDefault.xctoolchain --destination /Users/stevenmoon/Library/Developer/Xcode/DerivedData/MLXChatApp-amxiosaiwumsafctdanitznbjfty/Build/Products/Debug-iphonesimulator/MLXChatApp-iOS.app/Frameworks --strip-bitcode --strip-bitcode-tool /Applications/Xcode.app/Contents/Developer/Toolchains/XcodeDefault.xctoolchain/usr/bin/bitcode_strip --emit-dependency-info /Users/stevenmoon/Library/Developer/Xcode/DerivedData/MLXChatApp-amxiosaiwumsafctdanitznbjfty/Build/Intermediates.noindex/MLXChatApp.build/Debug-iphonesimulator/MLXChatApp-iOS.build/SwiftStdLibToolInputDependencies.dep --filter-for-swift-os

CodeSign /Users/stevenmoon/Library/Developer/Xcode/DerivedData/MLXChatApp-amxiosaiwumsafctdanitznbjfty/Build/Products/Debug-iphonesimulator/MLXChatApp-iOS.app/MLXChatApp-iOS.debug.dylib (in target 'MLXChatApp-iOS' from project 'MLXChatApp')
    cd /Users/stevenmoon/Documents/GitHub/mlx-engine/MLXChatApp
    
    Signing Identity:     "Sign to Run Locally"
    
    /usr/bin/codesign --force --sign - --timestamp\=none --generate-entitlement-der /Users/stevenmoon/Library/Developer/Xcode/DerivedData/MLXChatApp-amxiosaiwumsafctdanitznbjfty/Build/Products/Debug-iphonesimulator/MLXChatApp-iOS.app/MLXChatApp-iOS.debug.dylib

CodeSign /Users/stevenmoon/Library/Developer/Xcode/DerivedData/MLXChatApp-amxiosaiwumsafctdanitznbjfty/Build/Products/Debug-iphonesimulator/MLXChatApp-iOS.app/__preview.dylib (in target 'MLXChatApp-iOS' from project 'MLXChatApp')
    cd /Users/stevenmoon/Documents/GitHub/mlx-engine/MLXChatApp
    
    Signing Identity:     "Sign to Run Locally"
    
    /usr/bin/codesign --force --sign - --timestamp\=none --generate-entitlement-der /Users/stevenmoon/Library/Developer/Xcode/DerivedData/MLXChatApp-amxiosaiwumsafctdanitznbjfty/Build/Products/Debug-iphonesimulator/MLXChatApp-iOS.app/__preview.dylib
/Users/stevenmoon/Library/Developer/Xcode/DerivedData/MLXChatApp-amxiosaiwumsafctdanitznbjfty/Build/Products/Debug-iphonesimulator/MLXChatApp-iOS.app/__preview.dylib: replacing existing signature

CodeSign /Users/stevenmoon/Library/Developer/Xcode/DerivedData/MLXChatApp-amxiosaiwumsafctdanitznbjfty/Build/Products/Debug-iphonesimulator/MLXChatApp-iOS.app (in target 'MLXChatApp-iOS' from project 'MLXChatApp')
    cd /Users/stevenmoon/Documents/GitHub/mlx-engine/MLXChatApp
    
    Signing Identity:     "Sign to Run Locally"
    
    /usr/bin/codesign --force --sign - --timestamp\=none --generate-entitlement-der /Users/stevenmoon/Library/Developer/Xcode/DerivedData/MLXChatApp-amxiosaiwumsafctdanitznbjfty/Build/Products/Debug-iphonesimulator/MLXChatApp-iOS.app

Validate /Users/stevenmoon/Library/Developer/Xcode/DerivedData/MLXChatApp-amxiosaiwumsafctdanitznbjfty/Build/Products/Debug-iphonesimulator/MLXChatApp-iOS.app (in target 'MLXChatApp-iOS' from project 'MLXChatApp')
    cd /Users/stevenmoon/Documents/GitHub/mlx-engine/MLXChatApp
    builtin-validationUtility /Users/stevenmoon/Library/Developer/Xcode/DerivedData/MLXChatApp-amxiosaiwumsafctdanitznbjfty/Build/Products/Debug-iphonesimulator/MLXChatApp-iOS.app -infoplist-subpath Info.plist

** BUILD SUCCEEDED **

